[19:01:57] [ServerMain/INFO]: [bootstrap] Running Java 21 (OpenJDK 64-Bit Server VM 21.0.6+7-Ubuntu-120.04.1; Ubuntu null) on Linux 6.8.0-1021-azure (amd64)
[19:01:57] [ServerMain/INFO]: [bootstrap] Loading Paper 1.21.3-63-master@4190ee7 (2024-11-25T18:59:19Z) for Minecraft 1.21.3
[19:01:57] [ServerMain/INFO]: [PluginInitializerManager] Initializing plugins...
[19:01:57] [ServerMain/INFO]: [PluginInitializerManager] Initialized 0 plugins
[19:01:58] [Paper Plugin Remapper Thread - 0/INFO]: [ReobfServer] Remapping server...
[19:02:03] [ServerMain/INFO]: Environment: Environment[sessionHost=https://sessionserver.mojang.com, servicesHost=https://api.minecraftservices.com, name=PROD]
[19:02:04] [ServerMain/INFO]: Found new data pack file/bukkit, loading it automatically
[19:02:04] [ServerMain/INFO]: Found new data pack paper, loading it automatically
[19:02:05] [ServerMain/INFO]: No existing world data, creating new world
[19:02:06] [ServerMain/INFO]: Loaded 1337 recipes
[19:02:06] [ServerMain/INFO]: Loaded 1448 advancements
[19:02:07] [Server thread/INFO]: Starting minecraft server version 1.21.3
[19:02:07] [Server thread/INFO]: Loading properties
[19:02:07] [Server thread/INFO]: This server is running Paper version 1.21.3-63-master@4190ee7 (2024-11-25T18:59:19Z) (Implementing API version 1.21.3-R0.1-SNAPSHOT)
[19:02:07] [Paper Plugin Remapper Thread - 0/INFO]: [ReobfServer] Done remapping server in 8526ms.
[19:02:08] [Server thread/INFO]: [spark] This server bundles the spark profiler. For more information please visit https://docs.papermc.io/paper/profiling
[19:02:08] [Server thread/INFO]: Server Ping Player Sample Count: 12
[19:02:08] [Server thread/INFO]: Using 4 threads for Netty based IO
[19:02:08] [Server thread/INFO]: [MoonriseCommon] Paper is using 1 worker threads, 1 I/O threads
[19:02:08] [Server thread/INFO]: [ChunkTaskScheduler] Chunk system is using population gen parallelism: true
[19:02:09] [Server thread/INFO]: Default game type: SURVIVAL
[19:02:09] [Server thread/INFO]: Generating keypair
[19:02:09] [Server thread/INFO]: Starting Minecraft server on *:25565
[19:02:09] [Server thread/INFO]: Using epoll channel type
[19:02:09] [Server thread/INFO]: Paper: Using libdeflate (Linux x86_64) compression from Velocity.
[19:02:09] [Server thread/INFO]: Paper: Using OpenSSL 1.1.x (Linux x86_64) cipher from Velocity.
[19:02:09] [Server thread/WARN]: **** SERVER IS RUNNING IN OFFLINE/INSECURE MODE!
[19:02:09] [Server thread/WARN]: The server will make no attempt to authenticate usernames. Beware.
[19:02:09] [Server thread/WARN]: While this makes the game possible to play without internet access, it also opens up the ability for hackers to connect with any username they choose.
[19:02:09] [Server thread/WARN]: To change this, set "online-mode" to "true" in the server.properties file.
[19:02:09] [Server thread/INFO]: Preparing level "world"
[19:02:16] [Paper Common Worker #0/INFO]: [MCTypeRegistry] Initialising converters for DataConverter...
[19:02:16] [Paper Common Worker #0/INFO]: [MCTypeRegistry] Finished initialising converters for DataConverter in 265.9ms
[19:02:20] [Server thread/INFO]: Preparing start region for dimension minecraft:overworld
[19:02:20] [Server thread/INFO]: Preparing spawn area: 2%
[19:02:20] [Server thread/INFO]: Preparing spawn area: 2%
[19:02:21] [Server thread/INFO]: Preparing spawn area: 2%
[19:02:21] [Server thread/INFO]: Preparing spawn area: 2%
[19:02:22] [Server thread/INFO]: Preparing spawn area: 18%
[19:02:22] [Server thread/INFO]: Preparing spawn area: 18%
[19:02:23] [Server thread/INFO]: Preparing spawn area: 18%
[19:02:23] [Server thread/INFO]: Preparing spawn area: 40%
[19:02:24] [Server thread/INFO]: Preparing spawn area: 48%
[19:02:24] [Server thread/INFO]: Preparing spawn area: 51%
[19:02:25] [Server thread/INFO]: Preparing spawn area: 51%
[19:02:25] [Server thread/INFO]: Preparing spawn area: 63%
[19:02:26] [Server thread/INFO]: Time elapsed: 5689 ms
[19:02:26] [Server thread/INFO]: Preparing start region for dimension minecraft:the_nether
[19:02:26] [Server thread/INFO]: Preparing spawn area: 2%
[19:02:26] [Server thread/INFO]: Preparing spawn area: 4%
[19:02:27] [Server thread/INFO]: Preparing spawn area: 18%
[19:02:27] [Server thread/INFO]: Preparing spawn area: 61%
[19:02:27] [Server thread/INFO]: Time elapsed: 1876 ms
[19:02:27] [Server thread/INFO]: Preparing start region for dimension minecraft:the_end
[19:02:27] [Server thread/INFO]: Preparing spawn area: 2%
[19:02:28] [Server thread/INFO]: Time elapsed: 474 ms
[19:02:28] [Server thread/INFO]: [spark] Starting background profiler...
[19:02:28] [Server thread/INFO]: Done preparing level "world" (19.458s)
[19:02:28] [Server thread/INFO]: Running delayed init tasks
[19:02:28] [Server thread/INFO]: Done (32.000s)! For help, type "help"
[19:02:28] [Server thread/INFO]: *************************************************************************************
[19:02:28] [Server thread/INFO]: This is the first time you're starting this server.
[19:02:28] [Server thread/INFO]: It's recommended you read our 'Getting Started' documentation for guidance.
[19:02:28] [Server thread/INFO]: View this and more helpful information here: https://docs.papermc.io/paper/next-steps
[19:02:28] [Server thread/INFO]: *************************************************************************************
[19:03:32] [User Authenticator #0/INFO]: UUID of player Kiubo_xd is 2a4c6f83-72e6-3c9f-bb05-d58b9040fd5a
[19:03:33] [Server thread/INFO]: Kiubo_xd joined the game
[19:03:33] [Server thread/INFO]: Kiubo_xd[/127.43.24.210:48499] logged in with entity id 51 at ([world]-33.5, 67.0, -5.5)
[19:08:30] [Server thread/INFO]: Made Kiubo_xd a server operator
[19:08:39] [Server thread/INFO]: Kiubo_xd issued server command: /gamemode creative
[19:08:39] [Server thread/INFO]: [Kiubo_xd: Set own game mode to Creative Mode]
[19:10:27] [Server thread/INFO]: Kiubo_xd issued server command: /reload confirm
[19:10:27] [Server thread/INFO]: Kiubo_xd: Please note that this command is not supported and may cause issues when using some plugins.
[19:10:27] [Server thread/INFO]: Kiubo_xd: If you encounter any issues please use the /stop command to restart your server.
[19:10:27] [Server thread/INFO]: Server Ping Player Sample Count: 12
[19:10:27] [Server thread/INFO]: Using 4 threads for Netty based IO
[19:10:27] [Server thread/INFO]: [MoonriseCommon] Paper is using 1 worker threads, 1 I/O threads
[19:10:27] [Server thread/INFO]: [ChunkTaskScheduler] Chunk system is using population gen parallelism: true
[19:10:28] [Server thread/INFO]: Loaded 1337 recipes
[19:10:28] [Server thread/INFO]: Loaded 1448 advancements
[19:10:28] [Server thread/INFO]: [PluginInitializerManager] Initializing plugins...
[19:10:28] [Paper Async Command Builder Thread Pool - 2/ERROR]: Caught previously unhandled exception :
[19:10:28] [Server thread/INFO]: [PluginInitializerManager] Initialized 0 plugins
[19:10:28] [Server thread/INFO]: Server permissions file permissions.yml is empty, ignoring it
[19:10:28] [Paper Async Command Builder Thread Pool - 2/ERROR]: Paper Async Command Builder Thread Pool - 2
java.util.ConcurrentModificationException: null
	at java.base/java.util.LinkedHashMap$LinkedHashIterator.nextNode(LinkedHashMap.java:1023) ~[?:?]
	at java.base/java.util.LinkedHashMap$LinkedValueIterator.next(LinkedHashMap.java:1052) ~[?:?]
	at net.minecraft.commands.Commands.fillUsableCommands(Commands.java:536) ~[paper-1.21.3.jar:1.21.3-63-4190ee7]
	at net.minecraft.commands.Commands.sendAsync(Commands.java:501) ~[paper-1.21.3.jar:1.21.3-63-4190ee7]
	at net.minecraft.commands.Commands.lambda$sendCommands$6(Commands.java:480) ~[paper-1.21.3.jar:1.21.3-63-4190ee7]
	at java.base/java.util.concurrent.ThreadPoolExecutor.runWorker(ThreadPoolExecutor.java:1144) ~[?:?]
	at java.base/java.util.concurrent.ThreadPoolExecutor$Worker.run(ThreadPoolExecutor.java:642) ~[?:?]
	at java.base/java.lang.Thread.run(Thread.java:1583) ~[?:?]
[19:10:28] [Server thread/INFO]: Kiubo_xd: Reload complete.
[19:10:32] [Server thread/INFO]: Kiubo_xd issued server command: /pl
[19:10:49] [Server thread/INFO]: Kiubo_xd issued server command: /reload confirm
[19:10:49] [Server thread/INFO]: Kiubo_xd: Please note that this command is not supported and may cause issues when using some plugins.
[19:10:49] [Server thread/INFO]: Kiubo_xd: If you encounter any issues please use the /stop command to restart your server.
[19:10:49] [Server thread/INFO]: Server Ping Player Sample Count: 12
[19:10:49] [Server thread/INFO]: Using 4 threads for Netty based IO
[19:10:49] [Server thread/INFO]: [MoonriseCommon] Paper is using 1 worker threads, 1 I/O threads
[19:10:49] [Server thread/INFO]: [ChunkTaskScheduler] Chunk system is using population gen parallelism: true
[19:10:49] [Server thread/INFO]: Loaded 1337 recipes
[19:10:50] [Server thread/INFO]: Loaded 1448 advancements
[19:10:50] [Server thread/INFO]: [PluginInitializerManager] Initializing plugins...
[19:10:50] [Paper Async Command Builder Thread Pool - 3/ERROR]: Caught previously unhandled exception :
[19:10:50] [Paper Async Command Builder Thread Pool - 3/ERROR]: Paper Async Command Builder Thread Pool - 3
java.util.ConcurrentModificationException: null
	at java.base/java.util.LinkedHashMap$LinkedHashIterator.nextNode(LinkedHashMap.java:1023) ~[?:?]
	at java.base/java.util.LinkedHashMap$LinkedValueIterator.next(LinkedHashMap.java:1052) ~[?:?]
	at net.minecraft.commands.Commands.fillUsableCommands(Commands.java:536) ~[paper-1.21.3.jar:1.21.3-63-4190ee7]
	at net.minecraft.commands.Commands.sendAsync(Commands.java:501) ~[paper-1.21.3.jar:1.21.3-63-4190ee7]
	at net.minecraft.commands.Commands.lambda$sendCommands$6(Commands.java:480) ~[paper-1.21.3.jar:1.21.3-63-4190ee7]
	at java.base/java.util.concurrent.ThreadPoolExecutor.runWorker(ThreadPoolExecutor.java:1144) ~[?:?]
	at java.base/java.util.concurrent.ThreadPoolExecutor$Worker.run(ThreadPoolExecutor.java:642) ~[?:?]
	at java.base/java.lang.Thread.run(Thread.java:1583) ~[?:?]
[19:10:50] [Server thread/INFO]: [PluginInitializerManager] Initialized 0 plugins
[19:10:50] [Server thread/INFO]: Server permissions file permissions.yml is empty, ignoring it
[19:10:50] [Server thread/INFO]: Kiubo_xd: Reload complete.
[19:10:54] [Server thread/INFO]: Kiubo_xd issued server command: /pl
